Application/build/outputs/logs/manifest-merger-debug-report.txt
-- Merging decision tree log ---
manifest
ADDED from AndroidManifest.xml:17:1
	xmlns:android
		ADDED from AndroidManifest.xml:17:11
	package
		ADDED from AndroidManifest.xml:18:5
	android:versionName
		ADDED from AndroidManifest.xml:20:5
	android:versionCode
		ADDED from AndroidManifest.xml:19:5
		INJECTED from AndroidManifest.xml:0:0
		INJECTED from AndroidManifest.xml:0:0
uses-permission#android.permission.INTERNET
ADDED from AndroidManifest.xml:27:5
	android:name
		ADDED from AndroidManifest.xml:27:22
uses-permission#android.permission.READ_SYNC_STATS
ADDED from AndroidManifest.xml:29:5
	android:name
		ADDED from AndroidManifest.xml:29:22
uses-permission#android.permission.WRITE_SYNC_SETTINGS
ADDED from AndroidManifest.xml:31:5
	android:name
		ADDED from AndroidManifest.xml:31:22
uses-permission#android.permission.AUTHENTICATE_ACCOUNTS
ADDED from AndroidManifest.xml:33:5
	android:name
		ADDED from AndroidManifest.xml:33:22
uses-permission#android.permission.GET_ACCOUNTS
ADDED from AndroidManifest.xml:34:5
	android:name
		ADDED from AndroidManifest.xml:34:22
uses-permission#android.permission.WAKE_LOCK
ADDED from AndroidManifest.xml:35:5
	android:name
		ADDED from AndroidManifest.xml:35:22
uses-permission#com.google.android.c2dm.permission.RECEIVE
ADDED from AndroidManifest.xml:36:5
	android:name
		ADDED from AndroidManifest.xml:36:22
permission#com.example.gcm.permission.C2D_MESSAGE
ADDED from AndroidManifest.xml:38:5
	android:protectionLevel
		ADDED from AndroidManifest.xml:40:9
	android:name
		ADDED from AndroidManifest.xml:39:9
uses-permission#com.example.gcm.permission.C2D_MESSAGE
ADDED from AndroidManifest.xml:42:5
	android:name
		ADDED from AndroidManifest.xml:42:22
application
ADDED from AndroidManifest.xml:44:5
MERGED from com.android.support:support-v4:22.2.0:22:5
MERGED from com.android.support:gridlayout-v7:22.2.0:22:5
MERGED from com.android.support:support-v4:22.2.0:22:5
MERGED from com.android.support:cardview-v7:22.2.0:22:5
MERGED from com.google.android.gms:play-services:6.5.87:20:5
MERGED from com.android.support:support-v4:22.2.0:22:5
	android:label
		ADDED from AndroidManifest.xml:47:9
	android:allowBackup
		ADDED from AndroidManifest.xml:45:9
	android:icon
		ADDED from AndroidManifest.xml:46:9
	android:theme
		ADDED from AndroidManifest.xml:48:9
activity#com.example.android.basicsyncadapter.EntryListActivity
ADDED from AndroidManifest.xml:51:9
	android:label
		ADDED from AndroidManifest.xml:53:13
	android:name
		ADDED from AndroidManifest.xml:52:13
intent-filter#android.intent.action.MAIN+android.intent.category.LAUNCHER
ADDED from AndroidManifest.xml:56:13
action#android.intent.action.MAIN
ADDED from AndroidManifest.xml:57:17
	android:name
		ADDED from AndroidManifest.xml:57:25
category#android.intent.category.LAUNCHER
ADDED from AndroidManifest.xml:59:17
	android:name
		ADDED from AndroidManifest.xml:59:27
provider#com.example.android.basicsyncadapter.provider.FeedProvider
ADDED from AndroidManifest.xml:73:9
	android:exported
		ADDED from AndroidManifest.xml:76:13
	android:authorities
		ADDED from AndroidManifest.xml:75:13
	android:name
		ADDED from AndroidManifest.xml:74:13
service#com.example.android.basicsyncadapter.SyncService
ADDED from AndroidManifest.xml:82:9
	android:exported
		ADDED from AndroidManifest.xml:84:13
	android:name
		ADDED from AndroidManifest.xml:83:13
intent-filter#android.content.SyncAdapter
ADDED from AndroidManifest.xml:90:13
action#android.content.SyncAdapter
ADDED from AndroidManifest.xml:91:17
	android:name
		ADDED from AndroidManifest.xml:91:25
meta-data#android.content.SyncAdapter
ADDED from AndroidManifest.xml:94:13
	android:resource
		ADDED from AndroidManifest.xml:96:17
	android:name
		ADDED from AndroidManifest.xml:95:17
service#com.example.android.common.accounts.GenericAccountService
ADDED from AndroidManifest.xml:107:9
	android:name
		ADDED from AndroidManifest.xml:107:18
intent-filter#android.accounts.AccountAuthenticator
ADDED from AndroidManifest.xml:110:13
action#android.accounts.AccountAuthenticator
ADDED from AndroidManifest.xml:111:17
	android:name
		ADDED from AndroidManifest.xml:111:25
meta-data#android.accounts.AccountAuthenticator
ADDED from AndroidManifest.xml:114:13
	android:resource
		ADDED from AndroidManifest.xml:116:17
	android:name
		ADDED from AndroidManifest.xml:115:17
receiver#com.example.android.basicsyncadapter.GcmBroadcastReceiver
ADDED from AndroidManifest.xml:119:9
	android:permission
		ADDED from AndroidManifest.xml:121:13
	android:name
		ADDED from AndroidManifest.xml:120:13
intent-filter#com.example.android.basicsyncadapter+com.google.android.c2dm.intent.RECEIVE
ADDED from AndroidManifest.xml:122:13
action#com.google.android.c2dm.intent.RECEIVE
ADDED from AndroidManifest.xml:123:17
	android:name
		ADDED from AndroidManifest.xml:123:25
category#com.example.android.basicsyncadapter
ADDED from AndroidManifest.xml:124:17
	android:name
		ADDED from AndroidManifest.xml:124:27
service#com.example.android.basicsyncadapter.GcmMessageHandler
ADDED from AndroidManifest.xml:127:9
	android:name
		ADDED from AndroidManifest.xml:127:18
meta-data#com.google.android.gms.version
ADDED from AndroidManifest.xml:129:9
MERGED from com.google.android.gms:play-services:6.5.87:21:9
	android:name
		ADDED from AndroidManifest.xml:129:20
	android:value
		ADDED from AndroidManifest.xml:130:20
uses-sdk
INJECTED from AndroidManifest.xml:0:0 reason: use-sdk injection requested
MERGED from com.android.support:support-v4:22.2.0:20:5
MERGED from com.android.support:gridlayout-v7:22.2.0:20:5
MERGED from com.android.support:support-v4:22.2.0:20:5
MERGED from com.android.support:cardview-v7:22.2.0:20:5
MERGED from com.google.android.gms:play-services:6.5.87:18:5
MERGED from com.android.support:support-v4:22.2.0:20:5
	android:targetSdkVersion
		INJECTED from AndroidManifest.xml:0:0
		INJECTED from AndroidManifest.xml:0:0
	android:minSdkVersion
		INJECTED from AndroidManifest.xml:0:0
		INJECTED from AndroidManifest.xml:0:0